<?xml version="1.0" encoding="UTF-8"?>
<!-- Generated by org.testng.reporters.JUnitReportReporter -->
<testsuite hostname="DESKTOP-4M1L9MT" failures="0" tests="1" name="testcases.DashboardTest" time="12.624" errors="0" timestamp="2025-07-14T21:22:17 IST" skipped="0">
  <testcase classname="testcases.DashboardTest" name="verifyDashboardElements" time="12.624"/>
</testsuite> <!-- testcases.DashboardTest -->
